<?xml version="1.0" encoding="UTF-8"?>
<!-- Generated by org.testng.reporters.JUnitReportReporter -->
<testsuite hostname="CFINDL0719-KM" failures="0" tests="1" name="ShopByConcern" time="205.059" errors="0" timestamp="31 Oct 2022 12:30:16 GMT" skipped="0">
  <testcase classname="ShopByConcern" name="clickonshopbyconcerncategory" time="205.059"/>
</testsuite> <!-- ShopByConcern -->
