<?xml version="1.0" encoding="UTF-8"?>
<!-- Generated by org.testng.reporters.JUnitReportReporter -->
<testsuite hostname="CFINDL0719-KM" failures="0" tests="1" name="SortByProduct" time="37.689" errors="0" timestamp="31 Oct 2022 12:31:38 GMT" skipped="0">
  <testcase classname="SortByProduct" name="sortitem" time="37.689"/>
</testsuite> <!-- SortByProduct -->
