<?xml version="1.0" encoding="UTF-8"?>
<!-- Generated by org.testng.reporters.JUnitReportReporter -->
<testsuite hostname="CFINDL0719-KM" failures="0" tests="1" name="VetBookingAddDogPet" time="70.193" errors="0" timestamp="21 Sep 2022 06:57:48 GMT" skipped="0">
  <testcase classname="VetBookingAddDogPet" name="vetBooking" time="70.193"/>
</testsuite> <!-- VetBookingAddDogPet -->
