<?xml version="1.0" encoding="UTF-8"?>
<!-- Generated by org.testng.reporters.JUnitReportReporter -->
<testsuite hostname="CFINDL0719-KM" failures="0" tests="1" name="QuickBuy" time="46.927" errors="0" timestamp="08 Sep 2022 11:52:06 GMT" skipped="0">
  <testcase classname="QuickBuy" name="quickBuyWithRazorpay" time="46.927"/>
</testsuite> <!-- QuickBuy -->
