<?xml version="1.0" encoding="UTF-8"?>
<!-- Generated by org.testng.reporters.JUnitReportReporter -->
<testsuite hostname="CFINDL0719-KM" failures="0" tests="1" name="VetBookingWithSelectConcern" time="76.383" errors="0" timestamp="01 Nov 2022 04:50:02 GMT" skipped="0">
  <testcase classname="VetBookingWithSelectConcern" name="vetBooking" time="76.383"/>
</testsuite> <!-- VetBookingWithSelectConcern -->
