<?xml version="1.0" encoding="UTF-8"?>
<!-- Generated by org.testng.reporters.JUnitReportReporter -->
<testsuite hostname="CFINDL0719-KM" failures="0" tests="1" name="Grooming_EC_Wallet" time="55.961" errors="0" timestamp="22 Sep 2022 05:35:50 GMT" skipped="0">
  <testcase classname="Grooming_EC_Wallet" name="Home_experiencecentre" time="55.961"/>
</testsuite> <!-- Grooming_EC_Wallet -->
