<?xml version="1.0" encoding="UTF-8"?>
<!-- Generated by org.testng.reporters.JUnitReportReporter -->
<testsuite hostname="CFINDL0719-KM" failures="0" tests="1" name="Manageprofile" time="45.909" errors="0" timestamp="20 Sep 2022 11:21:53 GMT" skipped="0">
  <testcase classname="Manageprofile" name="manageProfile" time="45.909"/>
</testsuite> <!-- Manageprofile -->
