<?xml version="1.0" encoding="UTF-8"?>
<!-- Generated by org.testng.reporters.JUnitReportReporter -->
<testsuite hostname="CFINDL0719-KM" failures="0" tests="1" name="LoginThenSearch" time="53.297" errors="0" timestamp="31 Oct 2022 11:13:09 GMT" skipped="0">
  <testcase classname="LoginThenSearch" name="productbookfromsearchtab" time="53.297"/>
</testsuite> <!-- LoginThenSearch -->
