<?xml version="1.0" encoding="UTF-8"?>
<!-- Generated by org.testng.reporters.JUnitReportReporter -->
<testsuite hostname="CFINDL0719-KM" failures="0" tests="1" name="MobileView" time="88.763" errors="0" timestamp="12 Sep 2022 05:38:53 GMT" skipped="0">
  <testcase classname="MobileView" name="searchwithfilters" time="88.763"/>
</testsuite> <!-- MobileView -->
