<?xml version="1.0" encoding="UTF-8"?>
<!-- Generated by org.testng.reporters.JUnitReportReporter -->
<testsuite hostname="CFINDL0719-KM" failures="0" tests="1" name="AddDetailsatPlaceOrder" time="94.225" errors="0" timestamp="22 Sep 2022 05:24:46 GMT" skipped="0">
  <testcase classname="AddDetailsatPlaceOrder" name="addnewaddress" time="94.225"/>
</testsuite> <!-- AddDetailsatPlaceOrder -->
