<?xml version="1.0" encoding="UTF-8"?>
<!-- Generated by org.testng.reporters.JUnitReportReporter -->
<testsuite hostname="CFINDL0719-KM" failures="0" tests="1" name="VetBooking" time="68.397" errors="0" timestamp="09 Sep 2022 06:15:45 GMT" skipped="0">
  <testcase classname="VetBooking" name="vetBooking" time="68.397"/>
</testsuite> <!-- VetBooking -->
