<?xml version="1.0" encoding="UTF-8"?>
<!-- Generated by org.testng.reporters.JUnitReportReporter -->
<testsuite hostname="CFINDL0719-KM" failures="0" tests="1" name="ECBookingWithLargeBreed" time="32.025" errors="0" timestamp="01 Nov 2022 06:59:37 GMT" skipped="0">
  <testcase classname="ECBookingWithLargeBreed" name="experiencecentrebooking" time="32.025"/>
</testsuite> <!-- ECBookingWithLargeBreed -->
