<?xml version="1.0" encoding="UTF-8"?>
<!-- Generated by org.testng.reporters.JUnitReportReporter -->
<testsuite hostname="CFINDL0719-KM" failures="0" tests="1" name="ProductBooking" time="57.633" errors="0" timestamp="17 Nov 2022 06:45:32 GMT" skipped="0">
  <testcase classname="ProductBooking" name="run" time="57.633"/>
</testsuite> <!-- ProductBooking -->
