<?xml version="1.0" encoding="UTF-8"?>
<!-- Generated by org.testng.reporters.JUnitReportReporter -->
<testsuite hostname="CFINDL0719-KM" failures="0" tests="1" name="AddDetailsatPlaceOrder" time="89.767" errors="0" timestamp="19 Oct 2022 13:02:47 GMT" skipped="0">
  <testcase classname="AddDetailsatPlaceOrder" name="addnewaddress" time="89.767"/>
</testsuite> <!-- AddDetailsatPlaceOrder -->
