<?xml version="1.0" encoding="UTF-8"?>
<!-- Generated by org.testng.reporters.JUnitReportReporter -->
<testsuite hostname="CFINDL0719-KM" failures="0" tests="1" name="VetBookingEditPet" time="31.112" errors="0" timestamp="21 Sep 2022 13:15:21 GMT" skipped="0">
  <testcase classname="VetBookingEditPet" name="vetBooking" time="31.112"/>
</testsuite> <!-- VetBookingEditPet -->
