<?xml version="1.0" encoding="UTF-8"?>
<!-- Generated by org.testng.reporters.JUnitReportReporter -->
<testsuite hostname="CFINDL0719-KM" failures="0" tests="1" name="checkout_login_link" time="60.476" errors="0" timestamp="31 Oct 2022 10:01:33 GMT" skipped="0">
  <testcase classname="checkout_login_link" name="checkoutlogin" time="60.476"/>
</testsuite> <!-- checkout_login_link -->
