<?xml version="1.0" encoding="UTF-8"?>
<!-- Generated by org.testng.reporters.JUnitReportReporter -->
<testsuite hostname="CFINDL0719-KM" failures="0" tests="1" name="loginlogout" time="23.569" errors="0" timestamp="20 Sep 2022 10:54:20 GMT" skipped="0">
  <testcase classname="loginlogout" name="login" time="23.569"/>
</testsuite> <!-- loginlogout -->
