<?xml version="1.0" encoding="UTF-8"?>
<!-- Generated by org.testng.reporters.JUnitReportReporter -->
<testsuite hostname="CFINDL0719-KM" failures="0" tests="1" name="MobileView" time="69.209" errors="0" timestamp="31 Oct 2022 11:39:13 GMT" skipped="0">
  <testcase classname="MobileView" name="searchwithfilters" time="69.209"/>
</testsuite> <!-- MobileView -->
