<?xml version="1.0" encoding="UTF-8"?>
<!-- Generated by org.testng.reporters.JUnitReportReporter -->
<testsuite hostname="CFINDL0719-KM" failures="0" tests="1" name="ProductBooking" time="52.633" errors="0" timestamp="19 Oct 2022 07:08:09 GMT" skipped="0">
  <testcase classname="ProductBooking" name="run" time="52.633"/>
</testsuite> <!-- ProductBooking -->
