<?xml version="1.0" encoding="UTF-8"?>
<!-- Generated by org.testng.reporters.JUnitReportReporter -->
<testsuite hostname="CFINDL0719-KM" failures="0" tests="1" name="BookGroomingAtHome_Wallet" time="3.010" errors="0" timestamp="01 Oct 2022 11:22:23 GMT" skipped="0">
  <testcase classname="BookGroomingAtHome_Wallet" name="navigatetourl" time="3.010"/>
</testsuite> <!-- BookGroomingAtHome_Wallet -->
