<?xml version="1.0" encoding="UTF-8"?>
<!-- Generated by org.testng.reporters.JUnitReportReporter -->
<testsuite hostname="CFINDL0719-KM" failures="0" tests="1" name="Experience_Center_PayLater" time="32.445" errors="0" timestamp="20 Sep 2022 10:38:40 GMT" skipped="0">
  <testcase classname="Experience_Center_PayLater" name="Home_experiencecentre" time="32.445"/>
</testsuite> <!-- Experience_Center_PayLater -->
