<?xml version="1.0" encoding="UTF-8"?>
<!-- Generated by org.testng.reporters.JUnitReportReporter -->
<testsuite hostname="CFINDL0719-KM" failures="0" tests="1" name="VetBookingwithAddNewPet" time="75.853" errors="0" timestamp="01 Nov 2022 05:42:41 GMT" skipped="0">
  <testcase classname="VetBookingwithAddNewPet" name="vetBooking" time="75.853"/>
</testsuite> <!-- VetBookingwithAddNewPet -->
