<?xml version="1.0" encoding="UTF-8"?>
<!-- Generated by org.testng.reporters.JUnitReportReporter -->
<testsuite hostname="CFINDL0719-KM" failures="0" tests="1" name="BookGroomingAtHome_CancelBooking" time="42.970" errors="0" timestamp="03 Oct 2022 11:38:46 GMT" skipped="0">
  <testcase classname="BookGroomingAtHome_CancelBooking" name="cancelbooking" time="42.970"/>
</testsuite> <!-- BookGroomingAtHome_CancelBooking -->
