<?xml version="1.0" encoding="UTF-8"?>
<!-- Generated by org.testng.reporters.JUnitReportReporter -->
<testsuite hostname="CFINDL0719-KM" failures="0" tests="1" name="QuickBuyWithRazorPay" time="54.121" errors="0" timestamp="20 Sep 2022 11:32:53 GMT" skipped="0">
  <testcase classname="QuickBuyWithRazorPay" name="quickBuyWithRazorpay" time="54.121"/>
</testsuite> <!-- QuickBuyWithRazorPay -->
