<?xml version="1.0" encoding="UTF-8"?>
<!-- Generated by org.testng.reporters.JUnitReportReporter -->
<testsuite hostname="CFINDL0719-KM" failures="0" tests="1" name="QuickbuyWithCOD" time="62.951" errors="0" timestamp="01 Sep 2022 12:54:00 GMT" skipped="0">
  <testcase classname="QuickbuyWithCOD" name="quickBuywithCOD" time="62.951"/>
</testsuite> <!-- QuickbuyWithCOD -->
