<?xml version="1.0" encoding="UTF-8"?>
<!-- Generated by org.testng.reporters.JUnitReportReporter -->
<testsuite hostname="CFINDL0719-KM" failures="0" tests="1" name="VetBookingAddDogPet" time="57.887" errors="0" timestamp="01 Nov 2022 05:08:19 GMT" skipped="0">
  <testcase classname="VetBookingAddDogPet" name="vetBooking" time="57.887"/>
</testsuite> <!-- VetBookingAddDogPet -->
