<?xml version="1.0" encoding="UTF-8"?>
<!-- Generated by org.testng.reporters.JUnitReportReporter -->
<testsuite hostname="CFINDL0719-KM" failures="0" tests="1" name="VetBookingEditPet" time="55.604" errors="0" timestamp="01 Nov 2022 05:39:10 GMT" skipped="0">
  <testcase classname="VetBookingEditPet" name="vetBooking" time="55.604"/>
</testsuite> <!-- VetBookingEditPet -->
