<?xml version="1.0" encoding="UTF-8"?>
<!-- Generated by org.testng.reporters.JUnitReportReporter -->
<testsuite hostname="CFINDL0719-KM" failures="0" tests="1" name="VetBookingWithSelectConcern" time="84.459" errors="0" timestamp="21 Sep 2022 12:51:42 GMT" skipped="0">
  <testcase classname="VetBookingWithSelectConcern" name="vetBooking" time="84.459"/>
</testsuite> <!-- VetBookingWithSelectConcern -->
