<?xml version="1.0" encoding="UTF-8"?>
<!-- Generated by org.testng.reporters.JUnitReportReporter -->
<testsuite hostname="CFINDL0719-KM" failures="0" tests="1" name="AddRemoveProduct" time="11.185" errors="0" timestamp="20 Sep 2022 05:16:12 GMT" skipped="0">
  <testcase classname="AddRemoveProduct" name="add_remove_item" time="11.185"/>
</testsuite> <!-- AddRemoveProduct -->
