<?xml version="1.0" encoding="UTF-8"?>
<!-- Generated by org.testng.reporters.JUnitReportReporter -->
<testsuite hostname="CFINDL0719-KM" failures="0" tests="1" name="ECBookingWithXLBreed" time="29.409" errors="0" timestamp="02 Nov 2022 07:00:08 GMT" skipped="0">
  <testcase classname="ECBookingWithXLBreed" name="experiencecentrebooking" time="29.409"/>
</testsuite> <!-- ECBookingWithXLBreed -->
