<?xml version="1.0" encoding="UTF-8"?>
<!-- Generated by org.testng.reporters.JUnitReportReporter -->
<testsuite hostname="CFINDL0719-KM" failures="0" tests="1" name="VetBookingEditPet" time="27.259" errors="0" timestamp="19 Sep 2022 07:32:07 GMT" skipped="0">
  <testcase classname="VetBookingEditPet" name="vetBooking" time="27.259"/>
</testsuite> <!-- VetBookingEditPet -->
