<?xml version="1.0" encoding="UTF-8"?>
<!-- Generated by org.testng.reporters.JUnitReportReporter -->
<testsuite hostname="CFINDL0719-KM" failures="0" tests="1" name="ECBookingWithLargeBreed" time="31.180" errors="0" timestamp="20 Sep 2022 09:16:11 GMT" skipped="0">
  <testcase classname="ECBookingWithLargeBreed" name="experiencecentrebooking" time="31.180"/>
</testsuite> <!-- ECBookingWithLargeBreed -->
