<?xml version="1.0" encoding="UTF-8"?>
<!-- Generated by org.testng.reporters.JUnitReportReporter -->
<testsuite hostname="CFINDL0719-KM" failures="0" tests="1" name="QuickbuyWithCOD_CancleOrder" time="42.262" errors="0" timestamp="31 Oct 2022 11:48:30 GMT" skipped="0">
  <testcase classname="QuickbuyWithCOD_CancleOrder" name="quickBuywithCOD" time="42.262"/>
</testsuite> <!-- QuickbuyWithCOD_CancleOrder -->
