<?xml version="1.0" encoding="UTF-8"?>
<!-- Generated by org.testng.reporters.JUnitReportReporter -->
<testsuite hostname="CFINDL0719-KM" failures="0" tests="1" name="ECBookingWithXLBreed" time="30.948" errors="0" timestamp="20 Sep 2022 09:23:25 GMT" skipped="0">
  <testcase classname="ECBookingWithXLBreed" name="experiencecentrebooking" time="30.948"/>
</testsuite> <!-- ECBookingWithXLBreed -->
