<?xml version="1.0" encoding="UTF-8"?>
<!-- Generated by org.testng.reporters.JUnitReportReporter -->
<testsuite hostname="CFINDL0719-KM" failures="0" tests="1" name="MagentoWriteReview" time="1208.251" errors="0" timestamp="12 Oct 2022 08:20:28 GMT" skipped="0">
  <testcase classname="MagentoWriteReview" name="writereview" time="1208.251"/>
</testsuite> <!-- MagentoWriteReview -->
