<?xml version="1.0" encoding="UTF-8"?>
<!-- Generated by org.testng.reporters.JUnitReportReporter -->
<testsuite hostname="CFINDL0719-KM" failures="0" tests="1" name="BookGrooming" time="43.521" errors="0" timestamp="13 Sep 2022 12:34:47 GMT" skipped="0">
  <testcase classname="BookGrooming" name="navigatetourl" time="43.521"/>
</testsuite> <!-- BookGrooming -->
