<?xml version="1.0" encoding="UTF-8"?>
<!-- Generated by org.testng.reporters.JUnitReportReporter -->
<testsuite hostname="CFINDL0719-KM" failures="0" tests="1" name="Productpagepincodechecker" time="19.105" errors="0" timestamp="31 Oct 2022 11:46:26 GMT" skipped="0">
  <testcase classname="Productpagepincodechecker" name="pincodecheck" time="19.105"/>
</testsuite> <!-- Productpagepincodechecker -->
