<?xml version="1.0" encoding="UTF-8"?>
<!-- Generated by org.testng.reporters.JUnitReportReporter -->
<testsuite hostname="CFINDL0719-KM" failures="0" tests="1" name="loginlogout" time="19.391" errors="0" timestamp="09 Nov 2022 12:38:50 GMT" skipped="0">
  <testcase classname="loginlogout" name="login" time="19.391"/>
</testsuite> <!-- loginlogout -->
