<?xml version="1.0" encoding="UTF-8"?>
<!-- Generated by org.testng.reporters.JUnitReportReporter -->
<testsuite hostname="CFINDL0719-KM" failures="0" tests="1" name="BlogPage" time="420.606" errors="0" timestamp="20 Sep 2022 05:12:36 GMT" skipped="0">
  <testcase classname="BlogPage" name="blogpage" time="420.606"/>
</testsuite> <!-- BlogPage -->
