<?xml version="1.0" encoding="UTF-8"?>
<!-- Generated by org.testng.reporters.JUnitReportReporter -->
<testsuite hostname="CFINDL0719-KM" failures="0" tests="1" name="ConfiguredProductBooking" time="80.001" errors="0" timestamp="17 Nov 2022 06:42:18 GMT" skipped="0">
  <testcase classname="ConfiguredProductBooking" name="searchItem" time="80.001"/>
</testsuite> <!-- ConfiguredProductBooking -->
