<?xml version="1.0" encoding="UTF-8"?>
<!-- Generated by org.testng.reporters.JUnitReportReporter -->
<testsuite hostname="CFINDL0719-KM" failures="0" tests="1" name="BookProductWithCouponApplied" time="81.697" errors="0" timestamp="20 Sep 2022 06:08:11 GMT" skipped="0">
  <testcase classname="BookProductWithCouponApplied" name="searchwithfilters" time="81.697"/>
</testsuite> <!-- BookProductWithCouponApplied -->
