<?xml version="1.0" encoding="UTF-8"?>
<!-- Generated by org.testng.reporters.JUnitReportReporter -->
<testsuite hostname="CFINDL0719-KM" failures="0" tests="1" name="ConfiguredProductBooking" time="75.853" errors="0" timestamp="31 Oct 2022 10:22:35 GMT" skipped="0">
  <testcase classname="ConfiguredProductBooking" name="searchItem" time="75.853"/>
</testsuite> <!-- ConfiguredProductBooking -->
