<?xml version="1.0" encoding="UTF-8"?>
<!-- Generated by org.testng.reporters.JUnitReportReporter -->
<testsuite hostname="CFINDL0719-KM" failures="0" tests="1" name="RemoveCartItem" time="18.814" errors="0" timestamp="20 Sep 2022 12:09:50 GMT" skipped="0">
  <testcase classname="RemoveCartItem" name="removeitem" time="18.814"/>
</testsuite> <!-- RemoveCartItem -->
