<?xml version="1.0" encoding="UTF-8"?>
<!-- Generated by org.testng.reporters.JUnitReportReporter -->
<testsuite hostname="CFINDL0719-KM" failures="0" tests="1" name="Checkout_New_Address" time="39.409" errors="0" timestamp="31 Oct 2022 10:16:18 GMT" skipped="0">
  <testcase classname="Checkout_New_Address" name="searchwithfilters" time="39.409"/>
</testsuite> <!-- Checkout_New_Address -->
