<?xml version="1.0" encoding="UTF-8"?>
<!-- Generated by org.testng.reporters.JUnitReportReporter -->
<testsuite hostname="CFINDL0719-KM" failures="0" tests="1" name="ECBookingWithMediumBreed" time="30.265" errors="0" timestamp="20 Sep 2022 09:19:24 GMT" skipped="0">
  <testcase classname="ECBookingWithMediumBreed" name="experiencecentrebooking" time="30.265"/>
</testsuite> <!-- ECBookingWithMediumBreed -->
