<?xml version="1.0" encoding="UTF-8"?>
<!-- Generated by org.testng.reporters.JUnitReportReporter -->
<testsuite hostname="CFINDL0719-KM" failures="0" tests="1" name="Wishlist" time="13.845" errors="0" timestamp="10 Nov 2022 07:07:05 GMT" skipped="0">
  <testcase classname="Wishlist" name="additemtowishlist" time="13.845"/>
</testsuite> <!-- Wishlist -->
