<?xml version="1.0" encoding="UTF-8"?>
<!-- Generated by org.testng.reporters.JUnitReportReporter -->
<testsuite hostname="CFINDL0719-KM" failures="0" tests="1" name="VetBooking_PayNow" time="47.190" errors="0" timestamp="01 Nov 2022 04:33:02 GMT" skipped="0">
  <testcase classname="VetBooking_PayNow" name="vetBooking" time="47.190"/>
</testsuite> <!-- VetBooking_PayNow -->
