<?xml version="1.0" encoding="UTF-8"?>
<!-- Generated by org.testng.reporters.JUnitReportReporter -->
<testsuite hostname="CFINDL0719-KM" failures="0" tests="1" name="MagentoWriteReview" time="61.755" errors="0" timestamp="20 Sep 2022 11:18:49 GMT" skipped="0">
  <testcase classname="MagentoWriteReview" name="writereview" time="61.755"/>
</testsuite> <!-- MagentoWriteReview -->
