<?xml version="1.0" encoding="UTF-8"?>
<!-- Generated by org.testng.reporters.JUnitReportReporter -->
<testsuite hostname="CFINDL0719-KM" failures="0" tests="1" name="QuickbuyWithCOD_CancleOrder" time="49.251" errors="0" timestamp="20 Sep 2022 11:30:28 GMT" skipped="0">
  <testcase classname="QuickbuyWithCOD_CancleOrder" name="quickBuywithCOD" time="49.251"/>
</testsuite> <!-- QuickbuyWithCOD_CancleOrder -->
