<?xml version="1.0" encoding="UTF-8"?>
<!-- Generated by org.testng.reporters.JUnitReportReporter -->
<testsuite hostname="CFINDL0719-KM" failures="0" tests="1" name="Manageprofile" time="33.499" errors="0" timestamp="31 Oct 2022 11:27:27 GMT" skipped="0">
  <testcase classname="Manageprofile" name="manageProfile" time="33.499"/>
</testsuite> <!-- Manageprofile -->
