<?xml version="1.0" encoding="UTF-8"?>
<!-- Generated by org.testng.reporters.JUnitReportReporter -->
<testsuite hostname="CFINDL0719-KM" failures="0" tests="1" name="ShopByConcern" time="198.280" errors="0" timestamp="20 Sep 2022 12:47:27 GMT" skipped="0">
  <testcase classname="ShopByConcern" name="clickonshopbyconcerncategory" time="198.280"/>
</testsuite> <!-- ShopByConcern -->
