<?xml version="1.0" encoding="UTF-8"?>
<!-- Generated by org.testng.reporters.JUnitReportReporter -->
<testsuite hostname="CFINDL0719-KM" failures="0" tests="2" name="EditProfile" time="31.511" errors="0" timestamp="08 Nov 2022 06:21:25 GMT" skipped="0">
  <testcase classname="EditProfile" name="editprofile" time="28.984"/>
  <testcase classname="EditProfile" name="deleteimage" time="2.527"/>
</testsuite> <!-- EditProfile -->
