<?xml version="1.0" encoding="UTF-8"?>
<!-- Generated by org.testng.reporters.JUnitReportReporter -->
<testsuite hostname="CFINDL0719-KM" failures="0" tests="1" name="Grooming_EC_Wallet" time="49.280" errors="0" timestamp="02 Nov 2022 07:02:30 GMT" skipped="0">
  <testcase classname="Grooming_EC_Wallet" name="Home_experiencecentre" time="49.280"/>
</testsuite> <!-- Grooming_EC_Wallet -->
