<?xml version="1.0" encoding="UTF-8"?>
<!-- Generated by org.testng.reporters.JUnitReportReporter -->
<testsuite hostname="CFINDL0719-KM" failures="0" tests="1" name="magento" time="12.803" errors="0" timestamp="15 Sep 2022 13:16:50 GMT" skipped="0">
  <testcase classname="magento" name="Sales_Order" time="12.803"/>
</testsuite> <!-- magento -->
