<?xml version="1.0" encoding="UTF-8"?>
<!-- Generated by org.testng.reporters.JUnitReportReporter -->
<testsuite hostname="CFINDL0719-KM" failures="0" tests="1" name="ECBookingwithSmallBreed" time="28.681" errors="0" timestamp="20 Sep 2022 09:21:14 GMT" skipped="0">
  <testcase classname="ECBookingwithSmallBreed" name="experiencecentrebooking" time="28.681"/>
</testsuite> <!-- ECBookingwithSmallBreed -->
