<?xml version="1.0" encoding="UTF-8"?>
<!-- Generated by org.testng.reporters.JUnitReportReporter -->
<testsuite hostname="CFINDL0719-KM" failures="0" tests="1" name="BookGroomingAtHomePayNow" time="42.209" errors="0" timestamp="30 Sep 2022 06:28:36 GMT" skipped="0">
  <testcase classname="BookGroomingAtHomePayNow" name="navigatetourl" time="42.209"/>
</testsuite> <!-- BookGroomingAtHomePayNow -->
