<?xml version="1.0" encoding="UTF-8"?>
<!-- Generated by org.testng.reporters.JUnitReportReporter -->
<testsuite hostname="CFINDL0719-KM" failures="0" tests="1" name="Grooming_EC_Wallet" time="58.475" errors="0" timestamp="13 Sep 2022 06:31:59 GMT" skipped="0">
  <testcase classname="Grooming_EC_Wallet" name="Home_experiencecentre" time="58.475"/>
</testsuite> <!-- Grooming_EC_Wallet -->
