<?xml version="1.0" encoding="UTF-8"?>
<!-- Generated by org.testng.reporters.JUnitReportReporter -->
<testsuite hostname="CFINDL0719-KM" failures="0" tests="1" name="ECBookingwithSmallBreed" time="23.795" errors="0" timestamp="01 Nov 2022 07:06:44 GMT" skipped="0">
  <testcase classname="ECBookingwithSmallBreed" name="experiencecentrebooking" time="23.795"/>
</testsuite> <!-- ECBookingwithSmallBreed -->
