<?xml version="1.0" encoding="UTF-8"?>
<!-- Generated by org.testng.reporters.JUnitReportReporter -->
<testsuite hostname="CFINDL0719-KM" failures="0" tests="1" name="SortByProduct" time="44.399" errors="0" timestamp="20 Sep 2022 12:49:30 GMT" skipped="0">
  <testcase classname="SortByProduct" name="sortitem" time="44.399"/>
</testsuite> <!-- SortByProduct -->
