<?xml version="1.0" encoding="UTF-8"?>
<!-- Generated by org.testng.reporters.JUnitReportReporter -->
<testsuite hostname="CFINDL0719-KM" failures="0" tests="1" name="Wishlist" time="15.003" errors="0" timestamp="31 Oct 2022 12:10:00 GMT" skipped="0">
  <testcase classname="Wishlist" name="additemtowishlist" time="15.003"/>
</testsuite> <!-- Wishlist -->
