<?xml version="1.0" encoding="UTF-8"?>
<!-- Generated by org.testng.reporters.JUnitReportReporter -->
<testsuite hostname="CFINDL0719-KM" failures="0" tests="1" name="ClickOnAllSHOPProduct" time="253.949" errors="0" timestamp="04 Nov 2022 07:35:02 GMT" skipped="0">
  <testcase classname="ClickOnAllSHOPProduct" name="loginpage" time="253.949"/>
</testsuite> <!-- ClickOnAllSHOPProduct -->
