<?xml version="1.0" encoding="UTF-8"?>
<!-- Generated by org.testng.reporters.JUnitReportReporter -->
<testsuite hostname="CFINDL0719-KM" failures="0" tests="1" name="loginlogout" time="23.266" errors="0" timestamp="31 Oct 2022 11:08:18 GMT" skipped="0">
  <testcase classname="loginlogout" name="login" time="23.266"/>
</testsuite> <!-- loginlogout -->
