<?xml version="1.0" encoding="UTF-8"?>
<!-- Generated by org.testng.reporters.JUnitReportReporter -->
<testsuite hostname="CFINDL0719-KM" failures="0" tests="1" name="checkout_login_link" time="86.990" errors="0" timestamp="20 Sep 2022 06:36:31 GMT" skipped="0">
  <testcase classname="checkout_login_link" name="checkoutlogin" time="86.990"/>
</testsuite> <!-- checkout_login_link -->
