<?xml version="1.0" encoding="UTF-8"?>
<!-- Generated by org.testng.reporters.JUnitReportReporter -->
<testsuite hostname="CFINDL0719-KM" failures="0" tests="1" name="Checkout_New_Address" time="62.392" errors="0" timestamp="10 Nov 2022 12:25:01 GMT" skipped="0">
  <testcase classname="Checkout_New_Address" name="addnewaddress_shippingpage" time="62.392"/>
</testsuite> <!-- Checkout_New_Address -->
