<?xml version="1.0" encoding="UTF-8"?>
<!-- Generated by org.testng.reporters.JUnitReportReporter -->
<testsuite hostname="CFINDL0719-KM" failures="0" tests="1" name="BookGroomingAtHome" time="52.812" errors="0" timestamp="04 Oct 2022 07:24:33 GMT" skipped="0">
  <testcase classname="BookGroomingAtHome" name="navigatetourl" time="52.812"/>
</testsuite> <!-- BookGroomingAtHome -->
