<?xml version="1.0" encoding="UTF-8"?>
<!-- Generated by org.testng.reporters.JUnitReportReporter -->
<testsuite hostname="CFINDL0719-KM" failures="0" tests="1" name="ECBookingWithLargeBreed" time="30.170" errors="0" timestamp="02 Nov 2022 06:57:41 GMT" skipped="0">
  <testcase classname="ECBookingWithLargeBreed" name="experiencecentrebooking" time="30.170"/>
</testsuite> <!-- ECBookingWithLargeBreed -->
