<?xml version="1.0" encoding="UTF-8"?>
<!-- Generated by org.testng.reporters.JUnitReportReporter -->
<testsuite hostname="CFINDL0719-KM" failures="0" tests="1" name="QuickBuyWithRazorPay" time="54.926" errors="0" timestamp="31 Oct 2022 11:53:22 GMT" skipped="0">
  <testcase classname="QuickBuyWithRazorPay" name="quickBuyWithRazorpay" time="54.926"/>
</testsuite> <!-- QuickBuyWithRazorPay -->
