<?xml version="1.0" encoding="UTF-8"?>
<!-- Generated by org.testng.reporters.JUnitReportReporter -->
<testsuite hostname="CFINDL0719-KM" failures="0" tests="1" name="ECBookingWithMediumBreed" time="23.356" errors="0" timestamp="01 Nov 2022 07:01:10 GMT" skipped="0">
  <testcase classname="ECBookingWithMediumBreed" name="experiencecentrebooking" time="23.356"/>
</testsuite> <!-- ECBookingWithMediumBreed -->
