<?xml version="1.0" encoding="UTF-8"?>
<!-- Generated by org.testng.reporters.JUnitReportReporter -->
<testsuite hostname="CFINDL0719-KM" failures="0" tests="1" name="ECBookingWithXLBreed" time="24.574" errors="0" timestamp="01 Nov 2022 07:04:18 GMT" skipped="0">
  <testcase classname="ECBookingWithXLBreed" name="experiencecentrebooking" time="24.574"/>
</testsuite> <!-- ECBookingWithXLBreed -->
