<?xml version="1.0" encoding="UTF-8"?>
<!-- Generated by org.testng.reporters.JUnitReportReporter -->
<testsuite hostname="CFINDL0719-KM" failures="0" tests="1" name="Productpagepincodechecker" time="21.928" errors="0" timestamp="20 Sep 2022 11:25:21 GMT" skipped="0">
  <testcase classname="Productpagepincodechecker" name="pincodecheck" time="21.928"/>
</testsuite> <!-- Productpagepincodechecker -->
