<?xml version="1.0" encoding="UTF-8"?>
<!-- Generated by org.testng.reporters.JUnitReportReporter -->
<testsuite hostname="CFINDL0719-KM" failures="0" tests="1" name="magento" time="18.977" errors="0" timestamp="31 Oct 2022 11:16:29 GMT" skipped="0">
  <testcase classname="magento" name="Sales_Order" time="18.977"/>
</testsuite> <!-- magento -->
