<?xml version="1.0" encoding="UTF-8"?>
<!-- Generated by org.testng.reporters.JUnitReportReporter -->
<testsuite hostname="CFINDL0719-KM" failures="0" tests="1" name="AddRemoveProduct" time="11.359" errors="0" timestamp="31 Oct 2022 09:58:45 GMT" skipped="0">
  <testcase classname="AddRemoveProduct" name="add_remove_item" time="11.359"/>
</testsuite> <!-- AddRemoveProduct -->
