<?xml version="1.0" encoding="UTF-8"?>
<!-- Generated by org.testng.reporters.JUnitReportReporter -->
<testsuite hostname="CFINDL0719-KM" failures="0" tests="1" name="MagentoWriteReview" time="44.232" errors="0" timestamp="31 Oct 2022 11:20:18 GMT" skipped="0">
  <testcase classname="MagentoWriteReview" name="writereview" time="44.232"/>
</testsuite> <!-- MagentoWriteReview -->
