<?xml version="1.0" encoding="UTF-8"?>
<!-- Generated by org.testng.reporters.JUnitReportReporter -->
<testsuite hostname="CFINDL0719-KM" failures="0" tests="1" name="Wishlist" time="17.843" errors="0" timestamp="21 Sep 2022 05:33:45 GMT" skipped="0">
  <testcase classname="Wishlist" name="additemtowishlist" time="17.843"/>
</testsuite> <!-- Wishlist -->
